[33m[nodemon] 1.18.4[39m
[33m[nodemon] to restart at any time, enter `rs`[39m
[33m[nodemon] watching: *.*[39m
[32m[nodemon] starting `node ./dist/index.js`[39m
Connection has been established successfully.
[server]: Server is running at http://localhost:8000
[32m[nodemon] restarting due to changes...[39m
[32m[nodemon] starting `node ./dist/index.js`[39m
Connection has been established successfully.
[server]: Server is running at http://localhost:8000
finish 013605
finish 013610
finish 013611
finish 000025
finish 00021
finish 00022
finish 00023
finish 00024
finish 00025
finish 00026
finish 00027
finish 00028
finish 01092022-01
finish 012401
finish 012402
finish 012439
finish 012470
finish 012630
finish 012631
finish 012705
finish 012724
finish 013030
finish 013128
finish 013131
finish 013148
finish 013149
finish 013151
finish 013156
finish 013165
finish 013206
finish 013209
finish 013212
finish 013215
finish 013216
finish 013223
finish 013226
finish 013247
finish 013248
finish 013251
finish 013254
finish 013261
finish 013264
finish 013267
{
  ConsecutivoCompania: 10,
  Numero: '013285',
  TipoCxc: '0',
  Status: '1',
  CodigoCliente: 'J411445576',
  CodigoVendedor: '00001',
  Origen: '1',
  Fecha: '2024-07-08T00:00:00.000Z',
  FechaCancelacion: '2024-07-22T00:00:00.000Z',
  FechaVencimiento: '2024-07-08T00:00:00.000Z',
  FechaAnulacion: '2024-07-09T00:00:00.000Z',
  MontoExento: 0,
  MontoGravado: 6000,
  MontoIva: 960,
  MontoAbonado: 6960,
  Descripcion: 'CUOTA MES DE JULIO 2024 - 04 / 05 - CONTRATO DE PATROCINIO PUBLICITARIO ENTRE GRUPO ALIMENTOS MACO, C.A. Y LA FEDERACIÓN VENEZOLANA DE FÚTBOL PARA LA COLOCACIÓN DE LA MARCA PLAN-B EN UNIFORMES DE ÁRBITROS DURANTE PARTIDOS DE FÚTBOL CAMPO DE PRIMERA Y SEGUNDA DIVISIÓN, JUNIOR, FUTBOL SALA, PLAYA Y FEMENINO',
  Moneda: 'Dólar',
  CambioAbolivares: 36.51,
  CodigoCc: '',
  CentroDeCostos: null,
  SeRetuvoIva: 'N',
  NumeroDocumentoOrigen: '013285',
  RefinanciadoSn: '1',
  NoAplicaParaLibroDeVentas: 'N',
  CodigoLote: '',
  CodigoMoneda: 'USD',
  NumeroControl: '00-013085',
  NumeroComprobanteFiscal: '',
  NombreOperador: 'Ygonzalez',
  FechaUltimaModificacion: '2024-08-05T00:00:00.000Z',
  FechaLimiteCambioAMonedaLocal: '2024-07-08T00:00:00.000Z',
  ConsecutivoVendedor: 1
}
encabezado
{"ConsecutivoCompania":10,"Numero":"013285","TipoCxc":"0","Status":"1","CodigoCliente":"J411445576","CodigoVendedor":"00001","Origen":"1","Fecha":"2024-07-08T00:00:00.000Z","FechaCancelacion":"2024-07-22T00:00:00.000Z","FechaVencimiento":"2024-07-08T00:00:00.000Z","FechaAnulacion":"2024-07-09T00:00:00.000Z","MontoExento":null,"MontoGravado":6000,"MontoIva":960,"MontoAbonado":6960,"Descripcion":"CUOTA MES DE JULIO 2024 - 04 / 05 - CONTRATO DE PATROCINIO PUBLICITARIO ENTRE GRUPO ALIMENTOS MACO, C.A. Y LA FEDERACIÓN VENEZOLANA DE FÚTBOL PARA LA COLOCACIÓN DE LA MARCA PLAN-B EN UNIFORMES DE ÁRBITROS DURANTE PARTIDOS DE FÚTBOL CAMPO DE PRIMERA Y SEGUNDA DIVISIÓN, JUNIOR, FUTBOL SALA, PLAYA Y FEMENINO","Moneda":"Dólar","CambioAbolivares":36.51,"CodigoCc":null,"CentroDeCostos":null,"SeRetuvoIva":"N","NumeroDocumentoOrigen":"013285","RefinanciadoSn":"1","NoAplicaParaLibroDeVentas":"N","CodigoLote":null,"CodigoMoneda":"USD","NumeroControl":"00-013085","NumeroComprobanteFiscal":null,"NombreOperador":"Ygonzalez","FechaUltimaModificacion":"2024-08-05T00:00:00.000Z","FechaLimiteCambioAMonedaLocal":"2024-07-08T00:00:00.000Z","ConsecutivoVendedor":1}
agregado el isVisible=1
{
  ConsecutivoCompania: 10,
  Numero: '013285',
  TipoCxc: '0',
  Status: '1',
  CodigoCliente: 'J411445576',
  CodigoVendedor: '00001',
  Origen: '1',
  Fecha: '2024-07-08T00:00:00.000Z',
  FechaCancelacion: '2024-07-22T00:00:00.000Z',
  FechaVencimiento: '2024-07-08T00:00:00.000Z',
  FechaAnulacion: '2024-07-09T00:00:00.000Z',
  MontoExento: null,
  MontoGravado: 6000,
  MontoIva: 960,
  MontoAbonado: 6960,
  Descripcion: 'CUOTA MES DE JULIO 2024 - 04 / 05 - CONTRATO DE PATROCINIO PUBLICITARIO ENTRE GRUPO ALIMENTOS MACO, C.A. Y LA FEDERACIÓN VENEZOLANA DE FÚTBOL PARA LA COLOCACIÓN DE LA MARCA PLAN-B EN UNIFORMES DE ÁRBITROS DURANTE PARTIDOS DE FÚTBOL CAMPO DE PRIMERA Y SEGUNDA DIVISIÓN, JUNIOR, FUTBOL SALA, PLAYA Y FEMENINO',
  Moneda: 'Dólar',
  CambioAbolivares: 36.51,
  CodigoCc: null,
  CentroDeCostos: null,
  SeRetuvoIva: 'N',
  NumeroDocumentoOrigen: '013285',
  RefinanciadoSn: '1',
  NoAplicaParaLibroDeVentas: 'N',
  CodigoLote: null,
  CodigoMoneda: 'USD',
  NumeroControl: '00-013085',
  NumeroComprobanteFiscal: null,
  NombreOperador: 'Ygonzalez',
  FechaUltimaModificacion: '2024-08-05T00:00:00.000Z',
  FechaLimiteCambioAMonedaLocal: '2024-07-08T00:00:00.000Z',
  ConsecutivoVendedor: 1,
  isVisible: 1
}
finish 013269
finish 013272
finish 013273
finish 013274
finish 013275
finish 013276
finish 013279
finish 013280
finish 013281
finish 013282
finish 013283
finish 013284
finish 013285
finish 013286
finish 013288
finish 013289
finish 013291
finish 013292
finish 013293
finish 013294
cxc {
  dataValues: {
    ConsecutivoCompania: 10,
    Numero: '013285',
    TipoCxc: '0',
    Status: '1',
    CodigoCliente: 'J411445576',
    CodigoVendedor: '00001',
    Origen: '1',
    Fecha: '2024-07-07',
    FechaCancelacion: '2024-07-21',
    FechaVencimiento: '2024-07-07',
    FechaAnulacion: '2024-07-08',
    MontoExento: null,
    MontoGravado: 6000,
    MontoIva: 960,
    MontoAbonado: 6960,
    Descripcion: 'CUOTA MES DE JULIO 2024 - 04 / 05 - CONTRATO DE PATROCINIO PUBLICITARIO ENTRE GRUPO ALIMENTOS MACO, C.A. Y LA FEDERACIÓN VENEZOLANA DE FÚTBOL PARA LA COLOCACIÓN DE LA MARCA PLAN-B EN UNIFORMES DE ÁRBITROS DURANTE PARTIDOS DE FÚTBOL CAMPO DE PRIMERA Y SEGUNDA DIVISIÓN, JUNIOR, FUTBOL SALA, PLAYA Y FEMENINO',
    Moneda: 'Dólar',
    CambioAbolivares: 36.51,
    CodigoCc: null,
    CentroDeCostos: null,
    SeRetuvoIva: 'N',
    NumeroDocumentoOrigen: '013285',
    RefinanciadoSn: '1',
    NoAplicaParaLibroDeVentas: 'N',
    CodigoLote: null,
    CodigoMoneda: 'USD',
    NumeroControl: '00-013085',
    NumeroComprobanteFiscal: null,
    NombreOperador: 'Ygonzalez',
    FechaUltimaModificacion: 2024-08-05T00:00:00.000Z,
    FechaLimiteCambioAMonedaLocal: 2024-07-08T00:00:00.000Z,
    ConsecutivoVendedor: 1,
    isVisible: 1
  },
  _previousDataValues: {
    ConsecutivoCompania: 10,
    Numero: '013285',
    TipoCxc: '0',
    Status: '1',
    CodigoCliente: 'J411445576',
    CodigoVendedor: '00001',
    Origen: '1',
    Fecha: '2024-07-07',
    FechaCancelacion: '2024-07-21',
    FechaVencimiento: '2024-07-07',
    FechaAnulacion: '2024-07-08',
    MontoExento: null,
    MontoGravado: 6000,
    MontoIva: 960,
    MontoAbonado: 6960,
    Descripcion: 'CUOTA MES DE JULIO 2024 - 04 / 05 - CONTRATO DE PATROCINIO PUBLICITARIO ENTRE GRUPO ALIMENTOS MACO, C.A. Y LA FEDERACIÓN VENEZOLANA DE FÚTBOL PARA LA COLOCACIÓN DE LA MARCA PLAN-B EN UNIFORMES DE ÁRBITROS DURANTE PARTIDOS DE FÚTBOL CAMPO DE PRIMERA Y SEGUNDA DIVISIÓN, JUNIOR, FUTBOL SALA, PLAYA Y FEMENINO',
    Moneda: 'Dólar',
    CambioAbolivares: 36.51,
    CodigoCc: null,
    CentroDeCostos: null,
    SeRetuvoIva: 'N',
    NumeroDocumentoOrigen: '013285',
    RefinanciadoSn: '1',
    NoAplicaParaLibroDeVentas: 'N',
    CodigoLote: null,
    CodigoMoneda: 'USD',
    NumeroControl: '00-013085',
    NumeroComprobanteFiscal: null,
    NombreOperador: 'Ygonzalez',
    FechaUltimaModificacion: 2024-08-05T00:00:00.000Z,
    FechaLimiteCambioAMonedaLocal: 2024-07-08T00:00:00.000Z,
    ConsecutivoVendedor: 1,
    isVisible: 1
  },
  uniqno: 1,
  _changed: Set(0) {},
  _options: { isNewRecord: true, _schema: null, _schemaDelimiter: '' },
  isNewRecord: false,
  null: undefined
}
caramba
cxc {
  dataValues: {
    ConsecutivoCompania: 10,
    Numero: '013285',
    TipoCxc: '0',
    Status: '1',
    CodigoCliente: 'J411445576',
    CodigoVendedor: '00001',
    Origen: '1',
    Fecha: '2024-07-07',
    FechaCancelacion: '2024-07-21',
    FechaVencimiento: '2024-07-07',
    FechaAnulacion: '2024-07-08',
    MontoExento: null,
    MontoGravado: 6000,
    MontoIva: 960,
    MontoAbonado: 6960,
    Descripcion: 'CUOTA MES DE JULIO 2024 - 04 / 05 - CONTRATO DE PATROCINIO PUBLICITARIO ENTRE GRUPO ALIMENTOS MACO, C.A. Y LA FEDERACIÓN VENEZOLANA DE FÚTBOL PARA LA COLOCACIÓN DE LA MARCA PLAN-B EN UNIFORMES DE ÁRBITROS DURANTE PARTIDOS DE FÚTBOL CAMPO DE PRIMERA Y SEGUNDA DIVISIÓN, JUNIOR, FUTBOL SALA, PLAYA Y FEMENINO',
    Moneda: 'Dólar',
    CambioAbolivares: 36.51,
    CodigoCc: null,
    CentroDeCostos: null,
    SeRetuvoIva: 'N',
    NumeroDocumentoOrigen: '013285',
    RefinanciadoSn: '1',
    NoAplicaParaLibroDeVentas: 'N',
    CodigoLote: null,
    CodigoMoneda: 'USD',
    NumeroControl: '00-013085',
    NumeroComprobanteFiscal: null,
    NombreOperador: 'Ygonzalez',
    FechaUltimaModificacion: 2024-08-05T00:00:00.000Z,
    FechaLimiteCambioAMonedaLocal: 2024-07-08T00:00:00.000Z,
    ConsecutivoVendedor: 1,
    isVisible: 1
  },
  _previousDataValues: {
    ConsecutivoCompania: 10,
    Numero: '013285',
    TipoCxc: '0',
    Status: '1',
    CodigoCliente: 'J411445576',
    CodigoVendedor: '00001',
    Origen: '1',
    Fecha: '2024-07-07',
    FechaCancelacion: '2024-07-21',
    FechaVencimiento: '2024-07-07',
    FechaAnulacion: '2024-07-08',
    MontoExento: null,
    MontoGravado: 6000,
    MontoIva: 960,
    MontoAbonado: 6960,
    Descripcion: 'CUOTA MES DE JULIO 2024 - 04 / 05 - CONTRATO DE PATROCINIO PUBLICITARIO ENTRE GRUPO ALIMENTOS MACO, C.A. Y LA FEDERACIÓN VENEZOLANA DE FÚTBOL PARA LA COLOCACIÓN DE LA MARCA PLAN-B EN UNIFORMES DE ÁRBITROS DURANTE PARTIDOS DE FÚTBOL CAMPO DE PRIMERA Y SEGUNDA DIVISIÓN, JUNIOR, FUTBOL SALA, PLAYA Y FEMENINO',
    Moneda: 'Dólar',
    CambioAbolivares: 36.51,
    CodigoCc: null,
    CentroDeCostos: null,
    SeRetuvoIva: 'N',
    NumeroDocumentoOrigen: '013285',
    RefinanciadoSn: '1',
    NoAplicaParaLibroDeVentas: 'N',
    CodigoLote: null,
    CodigoMoneda: 'USD',
    NumeroControl: '00-013085',
    NumeroComprobanteFiscal: null,
    NombreOperador: 'Ygonzalez',
    FechaUltimaModificacion: 2024-08-05T00:00:00.000Z,
    FechaLimiteCambioAMonedaLocal: 2024-07-08T00:00:00.000Z,
    ConsecutivoVendedor: 1,
    isVisible: 1
  },
  uniqno: 1,
  _changed: Set(0) {},
  _options: { isNewRecord: true, _schema: null, _schemaDelimiter: '' },
  isNewRecord: false,
  null: undefined
}
fin caramba
finish 013295
finish 013296
finish 013297
finish 013298
finish 013299
finish 013300
finish 013303
finish 013304
finish 013306
finish 013307
finish 013308
finish 013310
finish 013311
finish 013314
finish 013315
finish 013316
finish 013317
finish 013318
finish 013319
finish 013320
finish 013321
finish 013322
finish 013323
finish 013324
finish 013325
finish 013326
finish 013327
finish 013328
finish 013329
finish 013330
finish 013331
finish 013332
finish 013333
finish 013334
finish 013335
finish 013336
finish 013337
finish 013338
finish 013339
finish 013340
finish 013341
finish 013342
finish 013343
finish 013344
finish 013345
finish 013346
finish 013347
finish 013348
finish 013349
finish 013350
finish 013351
finish 013352
finish 013353 
finish 013354
finish 013355
finish 013356
finish 013357
finish 013358
finish 013359
finish 013360
finish 013361
finish 013362
finish 013363
finish 013364
finish 013365
finish 013366
finish 013367
finish 013368
finish 013369
finish 013370
finish 013371
finish 013372
finish 013373
finish 013374
finish 013375
finish 013376
finish 013377
finish 013378
finish 013379
finish 013380
finish 013381
finish 013382
finish 013383
finish 013384
finish 013385
finish 013386
finish 013387
finish 013388
finish 013389
finish 013390
finish 013391
finish 013392
finish 013393
finish 013394
finish 013395
finish 013396
finish 013397
finish 013398
finish 013399
finish 013400
finish 013401
finish 013402
finish 013403
finish 013404
finish 013405
finish 013406
finish 013407
finish 013408
finish 013409
finish 013410
finish 013411
finish 013412
finish 013413
finish 013414
finish 013415
finish 013416
finish 013417
finish 013418
finish 013419
finish 013420
finish 013421
finish 013422
finish 013423
finish 013424
finish 013425
finish 013426
finish 013427
finish 013428
finish 013429
finish 013430
finish 013431
finish 013432
finish 013433
finish 013434
finish 013435
finish 013436
finish 013437
finish 013438
finish 013439
finish 013440
finish 013441
finish 013442
finish 013443
finish 013444
finish 013445
finish 013446
finish 013447
finish 013448
finish 013449
finish 013450
finish 013451
finish 013452
finish 013453
finish 013454
finish 013455
finish 013456
finish 013457
finish 013458
finish 013459
finish 013460
finish 013461
finish 013462
finish 013463
finish 013464
finish 013465
finish 013466
finish 013467
finish 013468
finish 013469
finish 013470
finish 013471
finish 013472
finish 013473
finish 013474
finish 013475
finish 013476
finish 013477
finish 013478
finish 013479
finish 013480
finish 013481
finish 013482
finish 013483
finish 013484
finish 013485
finish 013486
finish 013487
finish 013488
finish 013489
finish 013490
finish 013491
finish 013492
finish 013493
finish 013494
finish 013495
finish 013496
finish 013497
finish 013498
finish 013499
finish 013500
finish 013501
finish 013502
finish 013503
finish 013504
finish 013505
finish 013506
finish 013507
finish 013508
finish 013509
finish 013510
finish 013511
finish 013512
finish 013513
finish 013514
finish 013515
finish 013516
finish 013517
finish 013518
finish 013519
finish 013520
finish 013521
finish 013522
finish 013523
finish 013524
finish 013525
finish 013526
finish 013527
finish 013528
finish 013529
finish 013530
finish 013531
finish 013532
finish 013533
finish 013534
finish 013535
finish 013536
finish 013537
finish 013538
finish 013539
finish 013540
finish 013541
finish 013542
finish 013543
finish 013544
finish 013545
finish 013546
finish 013547
finish 013548
finish 013549
finish 013550
finish 013551
finish 013552
finish 013553
finish 013554
finish 013555
finish 013556
finish 013557
finish 013558
finish 013559
finish 013560
finish 013561
finish 013562
finish 013563
finish 013564
finish 013565
finish 013566
finish 013567
finish 013568
finish 013569
finish 013570
finish 013571
finish 013572
finish 013573
finish 013574
finish 013575
finish 013576
finish 013577
finish 013578
finish 013579
finish 013580
finish 013581
finish 013582
finish 013583
finish 013584
finish 013585
finish 013586
finish 013587
finish 013588
finish 013589
finish 013590
finish 013591
finish 013592
finish 013593
finish 013594
finish 013595
finish 013596
finish 013597
finish 013598
finish 013599
finish 013600
finish 013601
finish 013602
finish 013605
finish 013606
finish 013610
finish 013611
finish 08052024-280
finish 12091
finish 12286
finish 12287
finish 12317
finish 12318
finish 18072022
finish ASF062-2024
finish ASFC073-2024
finish ASFC080-2024
finish ASFC085-2024
finish OSF063-2024
error trying save object in database Error
    at Query.run (/Users/franciscogomezlopez/trabajo/proyectos/fvf/galac-aws/node_modules/sequelize/lib/dialects/mysql/query.js:52:25)
    at /Users/franciscogomezlopez/trabajo/proyectos/fvf/galac-aws/node_modules/sequelize/lib/sequelize.js:315:28
    at process.processTicksAndRejections (node:internal/process/task_queues:95:5)
    at async MySQLQueryInterface.insert (/Users/franciscogomezlopez/trabajo/proyectos/fvf/galac-aws/node_modules/sequelize/lib/dialects/abstract/query-interface.js:308:21)
    at async Cambio.save (/Users/franciscogomezlopez/trabajo/proyectos/fvf/galac-aws/node_modules/sequelize/lib/model.js:2490:35) {
  name: 'SequelizeUniqueConstraintError',
  errors: [
    ValidationErrorItem {
      message: 'PRIMARY must be unique',
      type: 'unique violation',
      path: 'PRIMARY',
      value: 'EUR-2024-06-17 00:00:00',
      origin: 'DB',
      instance: [cambio],
      validatorKey: 'not_unique',
      validatorName: null,
      validatorArgs: []
    }
  ],
  parent: Error: Duplicate entry 'EUR-2024-06-17 00:00:00' for key 'PRIMARY'
      at Packet.asError (/Users/franciscogomezlopez/trabajo/proyectos/fvf/galac-aws/node_modules/mysql2/lib/packets/packet.js:728:17)
      at Execute.execute (/Users/franciscogomezlopez/trabajo/proyectos/fvf/galac-aws/node_modules/mysql2/lib/commands/command.js:29:26)
      at Connection.handlePacket (/Users/franciscogomezlopez/trabajo/proyectos/fvf/galac-aws/node_modules/mysql2/lib/connection.js:481:34)
      at PacketParser.onPacket (/Users/franciscogomezlopez/trabajo/proyectos/fvf/galac-aws/node_modules/mysql2/lib/connection.js:97:12)
      at PacketParser.executeStart (/Users/franciscogomezlopez/trabajo/proyectos/fvf/galac-aws/node_modules/mysql2/lib/packet_parser.js:75:16)
      at Socket.<anonymous> (/Users/franciscogomezlopez/trabajo/proyectos/fvf/galac-aws/node_modules/mysql2/lib/connection.js:104:25)
      at Socket.emit (node:events:519:28)
      at addChunk (node:internal/streams/readable:559:12)
      at readableAddChunkPushByteMode (node:internal/streams/readable:510:3)
      at Readable.push (node:internal/streams/readable:390:5) {
    code: 'ER_DUP_ENTRY',
    errno: 1062,
    sqlState: '23000',
    sqlMessage: "Duplicate entry 'EUR-2024-06-17 00:00:00' for key 'PRIMARY'",
    sql: 'INSERT INTO `cambio` (`CodigoMoneda`,`FechaDeVigencia`,`CambioAMonedaLocal`,`CambioAMonedaLocalVenta`,`NombreOperador`,`FechaUltimaModificacion`) VALUES (?,?,?,?,?,?);',
    parameters: [
      'EUR',
      '2024-06-17 00:00:00',
      39.22,
      39.22,
      'lescalona',
      '2024-08-05 00:00:00'
    ]
  },
  original: Error: Duplicate entry 'EUR-2024-06-17 00:00:00' for key 'PRIMARY'
      at Packet.asError (/Users/franciscogomezlopez/trabajo/proyectos/fvf/galac-aws/node_modules/mysql2/lib/packets/packet.js:728:17)
      at Execute.execute (/Users/franciscogomezlopez/trabajo/proyectos/fvf/galac-aws/node_modules/mysql2/lib/commands/command.js:29:26)
      at Connection.handlePacket (/Users/franciscogomezlopez/trabajo/proyectos/fvf/galac-aws/node_modules/mysql2/lib/connection.js:481:34)
      at PacketParser.onPacket (/Users/franciscogomezlopez/trabajo/proyectos/fvf/galac-aws/node_modules/mysql2/lib/connection.js:97:12)
      at PacketParser.executeStart (/Users/franciscogomezlopez/trabajo/proyectos/fvf/galac-aws/node_modules/mysql2/lib/packet_parser.js:75:16)
      at Socket.<anonymous> (/Users/franciscogomezlopez/trabajo/proyectos/fvf/galac-aws/node_modules/mysql2/lib/connection.js:104:25)
      at Socket.emit (node:events:519:28)
      at addChunk (node:internal/streams/readable:559:12)
      at readableAddChunkPushByteMode (node:internal/streams/readable:510:3)
      at Readable.push (node:internal/streams/readable:390:5) {
    code: 'ER_DUP_ENTRY',
    errno: 1062,
    sqlState: '23000',
    sqlMessage: "Duplicate entry 'EUR-2024-06-17 00:00:00' for key 'PRIMARY'",
    sql: 'INSERT INTO `cambio` (`CodigoMoneda`,`FechaDeVigencia`,`CambioAMonedaLocal`,`CambioAMonedaLocalVenta`,`NombreOperador`,`FechaUltimaModificacion`) VALUES (?,?,?,?,?,?);',
    parameters: [
      'EUR',
      '2024-06-17 00:00:00',
      39.22,
      39.22,
      'lescalona',
      '2024-08-05 00:00:00'
    ]
  },
  fields: { PRIMARY: 'EUR-2024-06-17 00:00:00' },
  sql: 'INSERT INTO `cambio` (`CodigoMoneda`,`FechaDeVigencia`,`CambioAMonedaLocal`,`CambioAMonedaLocalVenta`,`NombreOperador`,`FechaUltimaModificacion`) VALUES (?,?,?,?,?,?);'
}
error trying save object in database Error
    at Query.run (/Users/franciscogomezlopez/trabajo/proyectos/fvf/galac-aws/node_modules/sequelize/lib/dialects/mysql/query.js:52:25)
    at /Users/franciscogomezlopez/trabajo/proyectos/fvf/galac-aws/node_modules/sequelize/lib/sequelize.js:315:28
    at process.processTicksAndRejections (node:internal/process/task_queues:95:5)
    at async MySQLQueryInterface.insert (/Users/franciscogomezlopez/trabajo/proyectos/fvf/galac-aws/node_modules/sequelize/lib/dialects/abstract/query-interface.js:308:21)
    at async Cambio.save (/Users/franciscogomezlopez/trabajo/proyectos/fvf/galac-aws/node_modules/sequelize/lib/model.js:2490:35) {
  name: 'SequelizeUniqueConstraintError',
  errors: [
    ValidationErrorItem {
      message: 'PRIMARY must be unique',
      type: 'unique violation',
      path: 'PRIMARY',
      value: 'EUR-2024-06-19 00:00:00',
      origin: 'DB',
      instance: [cambio],
      validatorKey: 'not_unique',
      validatorName: null,
      validatorArgs: []
    }
  ],
  parent: Error: Duplicate entry 'EUR-2024-06-19 00:00:00' for key 'PRIMARY'
      at Packet.asError (/Users/franciscogomezlopez/trabajo/proyectos/fvf/galac-aws/node_modules/mysql2/lib/packets/packet.js:728:17)
      at Execute.execute (/Users/franciscogomezlopez/trabajo/proyectos/fvf/galac-aws/node_modules/mysql2/lib/commands/command.js:29:26)
      at Connection.handlePacket (/Users/franciscogomezlopez/trabajo/proyectos/fvf/galac-aws/node_modules/mysql2/lib/connection.js:481:34)
      at PacketParser.onPacket (/Users/franciscogomezlopez/trabajo/proyectos/fvf/galac-aws/node_modules/mysql2/lib/connection.js:97:12)
      at PacketParser.executeStart (/Users/franciscogomezlopez/trabajo/proyectos/fvf/galac-aws/node_modules/mysql2/lib/packet_parser.js:75:16)
      at Socket.<anonymous> (/Users/franciscogomezlopez/trabajo/proyectos/fvf/galac-aws/node_modules/mysql2/lib/connection.js:104:25)
      at Socket.emit (node:events:519:28)
      at addChunk (node:internal/streams/readable:559:12)
      at readableAddChunkPushByteMode (node:internal/streams/readable:510:3)
      at Readable.push (node:internal/streams/readable:390:5) {
    code: 'ER_DUP_ENTRY',
    errno: 1062,
    sqlState: '23000',
    sqlMessage: "Duplicate entry 'EUR-2024-06-19 00:00:00' for key 'PRIMARY'",
    sql: 'INSERT INTO `cambio` (`CodigoMoneda`,`FechaDeVigencia`,`CambioAMonedaLocal`,`CambioAMonedaLocalVenta`,`NombreOperador`,`FechaUltimaModificacion`) VALUES (?,?,?,?,?,?);',
    parameters: [
      'EUR',
      '2024-06-19 00:00:00',
      39.09,
      39.09,
      'lescalona',
      '2024-06-19 00:00:00'
    ]
  },
  original: Error: Duplicate entry 'EUR-2024-06-19 00:00:00' for key 'PRIMARY'
      at Packet.asError (/Users/franciscogomezlopez/trabajo/proyectos/fvf/galac-aws/node_modules/mysql2/lib/packets/packet.js:728:17)
      at Execute.execute (/Users/franciscogomezlopez/trabajo/proyectos/fvf/galac-aws/node_modules/mysql2/lib/commands/command.js:29:26)
      at Connection.handlePacket (/Users/franciscogomezlopez/trabajo/proyectos/fvf/galac-aws/node_modules/mysql2/lib/connection.js:481:34)
      at PacketParser.onPacket (/Users/franciscogomezlopez/trabajo/proyectos/fvf/galac-aws/node_modules/mysql2/lib/connection.js:97:12)
      at PacketParser.executeStart (/Users/franciscogomezlopez/trabajo/proyectos/fvf/galac-aws/node_modules/mysql2/lib/packet_parser.js:75:16)
      at Socket.<anonymous> (/Users/franciscogomezlopez/trabajo/proyectos/fvf/galac-aws/node_modules/mysql2/lib/connection.js:104:25)
      at Socket.emit (node:events:519:28)
      at addChunk (node:internal/streams/readable:559:12)
      at readableAddChunkPushByteMode (node:internal/streams/readable:510:3)
      at Readable.push (node:internal/streams/readable:390:5) {
    code: 'ER_DUP_ENTRY',
    errno: 1062,
    sqlState: '23000',
    sqlMessage: "Duplicate entry 'EUR-2024-06-19 00:00:00' for key 'PRIMARY'",
    sql: 'INSERT INTO `cambio` (`CodigoMoneda`,`FechaDeVigencia`,`CambioAMonedaLocal`,`CambioAMonedaLocalVenta`,`NombreOperador`,`FechaUltimaModificacion`) VALUES (?,?,?,?,?,?);',
    parameters: [
      'EUR',
      '2024-06-19 00:00:00',
      39.09,
      39.09,
      'lescalona',
      '2024-06-19 00:00:00'
    ]
  },
  fields: { PRIMARY: 'EUR-2024-06-19 00:00:00' },
  sql: 'INSERT INTO `cambio` (`CodigoMoneda`,`FechaDeVigencia`,`CambioAMonedaLocal`,`CambioAMonedaLocalVenta`,`NombreOperador`,`FechaUltimaModificacion`) VALUES (?,?,?,?,?,?);'
}
error trying save object in database Error
    at Query.run (/Users/franciscogomezlopez/trabajo/proyectos/fvf/galac-aws/node_modules/sequelize/lib/dialects/mysql/query.js:52:25)
    at /Users/franciscogomezlopez/trabajo/proyectos/fvf/galac-aws/node_modules/sequelize/lib/sequelize.js:315:28
    at process.processTicksAndRejections (node:internal/process/task_queues:95:5)
    at async MySQLQueryInterface.insert (/Users/franciscogomezlopez/trabajo/proyectos/fvf/galac-aws/node_modules/sequelize/lib/dialects/abstract/query-interface.js:308:21)
    at async Cambio.save (/Users/franciscogomezlopez/trabajo/proyectos/fvf/galac-aws/node_modules/sequelize/lib/model.js:2490:35) {
  name: 'SequelizeUniqueConstraintError',
  errors: [
    ValidationErrorItem {
      message: 'PRIMARY must be unique',
      type: 'unique violation',
      path: 'PRIMARY',
      value: 'EUR-2024-06-20 00:00:00',
      origin: 'DB',
      instance: [cambio],
      validatorKey: 'not_unique',
      validatorName: null,
      validatorArgs: []
    }
  ],
  parent: Error: Duplicate entry 'EUR-2024-06-20 00:00:00' for key 'PRIMARY'
      at Packet.asError (/Users/franciscogomezlopez/trabajo/proyectos/fvf/galac-aws/node_modules/mysql2/lib/packets/packet.js:728:17)
      at Execute.execute (/Users/franciscogomezlopez/trabajo/proyectos/fvf/galac-aws/node_modules/mysql2/lib/commands/command.js:29:26)
      at Connection.handlePacket (/Users/franciscogomezlopez/trabajo/proyectos/fvf/galac-aws/node_modules/mysql2/lib/connection.js:481:34)
      at PacketParser.onPacket (/Users/franciscogomezlopez/trabajo/proyectos/fvf/galac-aws/node_modules/mysql2/lib/connection.js:97:12)
      at PacketParser.executeStart (/Users/franciscogomezlopez/trabajo/proyectos/fvf/galac-aws/node_modules/mysql2/lib/packet_parser.js:75:16)
      at Socket.<anonymous> (/Users/franciscogomezlopez/trabajo/proyectos/fvf/galac-aws/node_modules/mysql2/lib/connection.js:104:25)
      at Socket.emit (node:events:519:28)
      at addChunk (node:internal/streams/readable:559:12)
      at readableAddChunkPushByteMode (node:internal/streams/readable:510:3)
      at Readable.push (node:internal/streams/readable:390:5) {
    code: 'ER_DUP_ENTRY',
    errno: 1062,
    sqlState: '23000',
    sqlMessage: "Duplicate entry 'EUR-2024-06-20 00:00:00' for key 'PRIMARY'",
    sql: 'INSERT INTO `cambio` (`CodigoMoneda`,`FechaDeVigencia`,`CambioAMonedaLocal`,`CambioAMonedaLocalVenta`,`NombreOperador`,`FechaUltimaModificacion`) VALUES (?,?,?,?,?,?);',
    parameters: [
      'EUR',
      '2024-06-20 00:00:00',
      39.09,
      39.09,
      'lescalona',
      '2024-06-19 00:00:00'
    ]
  },
  original: Error: Duplicate entry 'EUR-2024-06-20 00:00:00' for key 'PRIMARY'
      at Packet.asError (/Users/franciscogomezlopez/trabajo/proyectos/fvf/galac-aws/node_modules/mysql2/lib/packets/packet.js:728:17)
      at Execute.execute (/Users/franciscogomezlopez/trabajo/proyectos/fvf/galac-aws/node_modules/mysql2/lib/commands/command.js:29:26)
      at Connection.handlePacket (/Users/franciscogomezlopez/trabajo/proyectos/fvf/galac-aws/node_modules/mysql2/lib/connection.js:481:34)
      at PacketParser.onPacket (/Users/franciscogomezlopez/trabajo/proyectos/fvf/galac-aws/node_modules/mysql2/lib/connection.js:97:12)
      at PacketParser.executeStart (/Users/franciscogomezlopez/trabajo/proyectos/fvf/galac-aws/node_modules/mysql2/lib/packet_parser.js:75:16)
      at Socket.<anonymous> (/Users/franciscogomezlopez/trabajo/proyectos/fvf/galac-aws/node_modules/mysql2/lib/connection.js:104:25)
      at Socket.emit (node:events:519:28)
      at addChunk (node:internal/streams/readable:559:12)
      at readableAddChunkPushByteMode (node:internal/streams/readable:510:3)
      at Readable.push (node:internal/streams/readable:390:5) {
    code: 'ER_DUP_ENTRY',
    errno: 1062,
    sqlState: '23000',
    sqlMessage: "Duplicate entry 'EUR-2024-06-20 00:00:00' for key 'PRIMARY'",
    sql: 'INSERT INTO `cambio` (`CodigoMoneda`,`FechaDeVigencia`,`CambioAMonedaLocal`,`CambioAMonedaLocalVenta`,`NombreOperador`,`FechaUltimaModificacion`) VALUES (?,?,?,?,?,?);',
    parameters: [
      'EUR',
      '2024-06-20 00:00:00',
      39.09,
      39.09,
      'lescalona',
      '2024-06-19 00:00:00'
    ]
  },
  fields: { PRIMARY: 'EUR-2024-06-20 00:00:00' },
  sql: 'INSERT INTO `cambio` (`CodigoMoneda`,`FechaDeVigencia`,`CambioAMonedaLocal`,`CambioAMonedaLocalVenta`,`NombreOperador`,`FechaUltimaModificacion`) VALUES (?,?,?,?,?,?);'
}
error trying save object in database Error
    at Query.run (/Users/franciscogomezlopez/trabajo/proyectos/fvf/galac-aws/node_modules/sequelize/lib/dialects/mysql/query.js:52:25)
    at /Users/franciscogomezlopez/trabajo/proyectos/fvf/galac-aws/node_modules/sequelize/lib/sequelize.js:315:28
    at process.processTicksAndRejections (node:internal/process/task_queues:95:5)
    at async MySQLQueryInterface.insert (/Users/franciscogomezlopez/trabajo/proyectos/fvf/galac-aws/node_modules/sequelize/lib/dialects/abstract/query-interface.js:308:21)
    at async Cambio.save (/Users/franciscogomezlopez/trabajo/proyectos/fvf/galac-aws/node_modules/sequelize/lib/model.js:2490:35) {
  name: 'SequelizeUniqueConstraintError',
  errors: [
    ValidationErrorItem {
      message: 'PRIMARY must be unique',
      type: 'unique violation',
      path: 'PRIMARY',
      value: 'EUR-2024-06-21 00:00:00',
      origin: 'DB',
      instance: [cambio],
      validatorKey: 'not_unique',
      validatorName: null,
      validatorArgs: []
    }
  ],
  parent: Error: Duplicate entry 'EUR-2024-06-21 00:00:00' for key 'PRIMARY'
      at Packet.asError (/Users/franciscogomezlopez/trabajo/proyectos/fvf/galac-aws/node_modules/mysql2/lib/packets/packet.js:728:17)
      at Execute.execute (/Users/franciscogomezlopez/trabajo/proyectos/fvf/galac-aws/node_modules/mysql2/lib/commands/command.js:29:26)
      at Connection.handlePacket (/Users/franciscogomezlopez/trabajo/proyectos/fvf/galac-aws/node_modules/mysql2/lib/connection.js:481:34)
      at PacketParser.onPacket (/Users/franciscogomezlopez/trabajo/proyectos/fvf/galac-aws/node_modules/mysql2/lib/connection.js:97:12)
      at PacketParser.executeStart (/Users/franciscogomezlopez/trabajo/proyectos/fvf/galac-aws/node_modules/mysql2/lib/packet_parser.js:75:16)
      at Socket.<anonymous> (/Users/franciscogomezlopez/trabajo/proyectos/fvf/galac-aws/node_modules/mysql2/lib/connection.js:104:25)
      at Socket.emit (node:events:519:28)
      at addChunk (node:internal/streams/readable:559:12)
      at readableAddChunkPushByteMode (node:internal/streams/readable:510:3)
      at Readable.push (node:internal/streams/readable:390:5) {
    code: 'ER_DUP_ENTRY',
    errno: 1062,
    sqlState: '23000',
    sqlMessage: "Duplicate entry 'EUR-2024-06-21 00:00:00' for key 'PRIMARY'",
    sql: 'INSERT INTO `cambio` (`CodigoMoneda`,`FechaDeVigencia`,`CambioAMonedaLocal`,`CambioAMonedaLocalVenta`,`NombreOperador`,`FechaUltimaModificacion`) VALUES (?,?,?,?,?,?);',
    parameters: [
      'EUR',
      '2024-06-21 00:00:00',
      39.01,
      39.01,
      'lescalona',
      '2024-06-20 00:00:00'
    ]
  },
  original: Error: Duplicate entry 'EUR-2024-06-21 00:00:00' for key 'PRIMARY'
      at Packet.asError (/Users/franciscogomezlopez/trabajo/proyectos/fvf/galac-aws/node_modules/mysql2/lib/packets/packet.js:728:17)
      at Execute.execute (/Users/franciscogomezlopez/trabajo/proyectos/fvf/galac-aws/node_modules/mysql2/lib/commands/command.js:29:26)
      at Connection.handlePacket (/Users/franciscogomezlopez/trabajo/proyectos/fvf/galac-aws/node_modules/mysql2/lib/connection.js:481:34)
      at PacketParser.onPacket (/Users/franciscogomezlopez/trabajo/proyectos/fvf/galac-aws/node_modules/mysql2/lib/connection.js:97:12)
      at PacketParser.executeStart (/Users/franciscogomezlopez/trabajo/proyectos/fvf/galac-aws/node_modules/mysql2/lib/packet_parser.js:75:16)
      at Socket.<anonymous> (/Users/franciscogomezlopez/trabajo/proyectos/fvf/galac-aws/node_modules/mysql2/lib/connection.js:104:25)
      at Socket.emit (node:events:519:28)
      at addChunk (node:internal/streams/readable:559:12)
      at readableAddChunkPushByteMode (node:internal/streams/readable:510:3)
      at Readable.push (node:internal/streams/readable:390:5) {
    code: 'ER_DUP_ENTRY',
    errno: 1062,
    sqlState: '23000',
    sqlMessage: "Duplicate entry 'EUR-2024-06-21 00:00:00' for key 'PRIMARY'",
    sql: 'INSERT INTO `cambio` (`CodigoMoneda`,`FechaDeVigencia`,`CambioAMonedaLocal`,`CambioAMonedaLocalVenta`,`NombreOperador`,`FechaUltimaModificacion`) VALUES (?,?,?,?,?,?);',
    parameters: [
      'EUR',
      '2024-06-21 00:00:00',
      39.01,
      39.01,
      'lescalona',
      '2024-06-20 00:00:00'
    ]
  },
  fields: { PRIMARY: 'EUR-2024-06-21 00:00:00' },
  sql: 'INSERT INTO `cambio` (`CodigoMoneda`,`FechaDeVigencia`,`CambioAMonedaLocal`,`CambioAMonedaLocalVenta`,`NombreOperador`,`FechaUltimaModificacion`) VALUES (?,?,?,?,?,?);'
}
error trying save object in database Error
    at Query.run (/Users/franciscogomezlopez/trabajo/proyectos/fvf/galac-aws/node_modules/sequelize/lib/dialects/mysql/query.js:52:25)
    at /Users/franciscogomezlopez/trabajo/proyectos/fvf/galac-aws/node_modules/sequelize/lib/sequelize.js:315:28
    at process.processTicksAndRejections (node:internal/process/task_queues:95:5)
    at async MySQLQueryInterface.insert (/Users/franciscogomezlopez/trabajo/proyectos/fvf/galac-aws/node_modules/sequelize/lib/dialects/abstract/query-interface.js:308:21)
    at async Cambio.save (/Users/franciscogomezlopez/trabajo/proyectos/fvf/galac-aws/node_modules/sequelize/lib/model.js:2490:35) {
  name: 'SequelizeUniqueConstraintError',
  errors: [
    ValidationErrorItem {
      message: 'PRIMARY must be unique',
      type: 'unique violation',
      path: 'PRIMARY',
      value: 'EUR-2024-06-23 00:00:00',
      origin: 'DB',
      instance: [cambio],
      validatorKey: 'not_unique',
      validatorName: null,
      validatorArgs: []
    }
  ],
  parent: Error: Duplicate entry 'EUR-2024-06-23 00:00:00' for key 'PRIMARY'
      at Packet.asError (/Users/franciscogomezlopez/trabajo/proyectos/fvf/galac-aws/node_modules/mysql2/lib/packets/packet.js:728:17)
      at Execute.execute (/Users/franciscogomezlopez/trabajo/proyectos/fvf/galac-aws/node_modules/mysql2/lib/commands/command.js:29:26)
      at Connection.handlePacket (/Users/franciscogomezlopez/trabajo/proyectos/fvf/galac-aws/node_modules/mysql2/lib/connection.js:481:34)
      at PacketParser.onPacket (/Users/franciscogomezlopez/trabajo/proyectos/fvf/galac-aws/node_modules/mysql2/lib/connection.js:97:12)
      at PacketParser.executeStart (/Users/franciscogomezlopez/trabajo/proyectos/fvf/galac-aws/node_modules/mysql2/lib/packet_parser.js:75:16)
      at Socket.<anonymous> (/Users/franciscogomezlopez/trabajo/proyectos/fvf/galac-aws/node_modules/mysql2/lib/connection.js:104:25)
      at Socket.emit (node:events:519:28)
      at addChunk (node:internal/streams/readable:559:12)
      at readableAddChunkPushByteMode (node:internal/streams/readable:510:3)
      at Readable.push (node:internal/streams/readable:390:5) {
    code: 'ER_DUP_ENTRY',
    errno: 1062,
    sqlState: '23000',
    sqlMessage: "Duplicate entry 'EUR-2024-06-23 00:00:00' for key 'PRIMARY'",
    sql: 'INSERT INTO `cambio` (`CodigoMoneda`,`FechaDeVigencia`,`CambioAMonedaLocal`,`CambioAMonedaLocalVenta`,`NombreOperador`,`FechaUltimaModificacion`) VALUES (?,?,?,?,?,?);',
    parameters: [
      'EUR',
      '2024-06-23 00:00:00',
      39.01,
      39.01,
      'lescalona',
      '2024-06-20 00:00:00'
    ]
  },
  original: Error: Duplicate entry 'EUR-2024-06-23 00:00:00' for key 'PRIMARY'
      at Packet.asError (/Users/franciscogomezlopez/trabajo/proyectos/fvf/galac-aws/node_modules/mysql2/lib/packets/packet.js:728:17)
      at Execute.execute (/Users/franciscogomezlopez/trabajo/proyectos/fvf/galac-aws/node_modules/mysql2/lib/commands/command.js:29:26)
      at Connection.handlePacket (/Users/franciscogomezlopez/trabajo/proyectos/fvf/galac-aws/node_modules/mysql2/lib/connection.js:481:34)
      at PacketParser.onPacket (/Users/franciscogomezlopez/trabajo/proyectos/fvf/galac-aws/node_modules/mysql2/lib/connection.js:97:12)
      at PacketParser.executeStart (/Users/franciscogomezlopez/trabajo/proyectos/fvf/galac-aws/node_modules/mysql2/lib/packet_parser.js:75:16)
      at Socket.<anonymous> (/Users/franciscogomezlopez/trabajo/proyectos/fvf/galac-aws/node_modules/mysql2/lib/connection.js:104:25)
      at Socket.emit (node:events:519:28)
      at addChunk (node:internal/streams/readable:559:12)
      at readableAddChunkPushByteMode (node:internal/streams/readable:510:3)
      at Readable.push (node:internal/streams/readable:390:5) {
    code: 'ER_DUP_ENTRY',
    errno: 1062,
    sqlState: '23000',
    sqlMessage: "Duplicate entry 'EUR-2024-06-23 00:00:00' for key 'PRIMARY'",
    sql: 'INSERT INTO `cambio` (`CodigoMoneda`,`FechaDeVigencia`,`CambioAMonedaLocal`,`CambioAMonedaLocalVenta`,`NombreOperador`,`FechaUltimaModificacion`) VALUES (?,?,?,?,?,?);',
    parameters: [
      'EUR',
      '2024-06-23 00:00:00',
      39.01,
      39.01,
      'lescalona',
      '2024-06-20 00:00:00'
    ]
  },
  fields: { PRIMARY: 'EUR-2024-06-23 00:00:00' },
  sql: 'INSERT INTO `cambio` (`CodigoMoneda`,`FechaDeVigencia`,`CambioAMonedaLocal`,`CambioAMonedaLocalVenta`,`NombreOperador`,`FechaUltimaModificacion`) VALUES (?,?,?,?,?,?);'
}
error trying save object in database Error
    at Query.run (/Users/franciscogomezlopez/trabajo/proyectos/fvf/galac-aws/node_modules/sequelize/lib/dialects/mysql/query.js:52:25)
    at /Users/franciscogomezlopez/trabajo/proyectos/fvf/galac-aws/node_modules/sequelize/lib/sequelize.js:315:28
    at process.processTicksAndRejections (node:internal/process/task_queues:95:5)
    at async MySQLQueryInterface.insert (/Users/franciscogomezlopez/trabajo/proyectos/fvf/galac-aws/node_modules/sequelize/lib/dialects/abstract/query-interface.js:308:21)
    at async Cambio.save (/Users/franciscogomezlopez/trabajo/proyectos/fvf/galac-aws/node_modules/sequelize/lib/model.js:2490:35) {
  name: 'SequelizeUniqueConstraintError',
  errors: [
    ValidationErrorItem {
      message: 'PRIMARY must be unique',
      type: 'unique violation',
      path: 'PRIMARY',
      value: 'EUR-2024-06-25 00:00:00',
      origin: 'DB',
      instance: [cambio],
      validatorKey: 'not_unique',
      validatorName: null,
      validatorArgs: []
    }
  ],
  parent: Error: Duplicate entry 'EUR-2024-06-25 00:00:00' for key 'PRIMARY'
      at Packet.asError (/Users/franciscogomezlopez/trabajo/proyectos/fvf/galac-aws/node_modules/mysql2/lib/packets/packet.js:728:17)
      at Execute.execute (/Users/franciscogomezlopez/trabajo/proyectos/fvf/galac-aws/node_modules/mysql2/lib/commands/command.js:29:26)
      at Connection.handlePacket (/Users/franciscogomezlopez/trabajo/proyectos/fvf/galac-aws/node_modules/mysql2/lib/connection.js:481:34)
      at PacketParser.onPacket (/Users/franciscogomezlopez/trabajo/proyectos/fvf/galac-aws/node_modules/mysql2/lib/connection.js:97:12)
      at PacketParser.executeStart (/Users/franciscogomezlopez/trabajo/proyectos/fvf/galac-aws/node_modules/mysql2/lib/packet_parser.js:75:16)
      at Socket.<anonymous> (/Users/franciscogomezlopez/trabajo/proyectos/fvf/galac-aws/node_modules/mysql2/lib/connection.js:104:25)
      at Socket.emit (node:events:519:28)
      at addChunk (node:internal/streams/readable:559:12)
      at readableAddChunkPushByteMode (node:internal/streams/readable:510:3)
      at Readable.push (node:internal/streams/readable:390:5) {
    code: 'ER_DUP_ENTRY',
    errno: 1062,
    sqlState: '23000',
    sqlMessage: "Duplicate entry 'EUR-2024-06-25 00:00:00' for key 'PRIMARY'",
    sql: 'INSERT INTO `cambio` (`CodigoMoneda`,`FechaDeVigencia`,`CambioAMonedaLocal`,`CambioAMonedaLocalVenta`,`NombreOperador`,`FechaUltimaModificacion`) VALUES (?,?,?,?,?,?);',
    parameters: [
      'EUR',
      '2024-06-25 00:00:00',
      38.87,
      38.87,
      'lescalona',
      '2024-06-21 00:00:00'
    ]
  },
  original: Error: Duplicate entry 'EUR-2024-06-25 00:00:00' for key 'PRIMARY'
      at Packet.asError (/Users/franciscogomezlopez/trabajo/proyectos/fvf/galac-aws/node_modules/mysql2/lib/packets/packet.js:728:17)
      at Execute.execute (/Users/franciscogomezlopez/trabajo/proyectos/fvf/galac-aws/node_modules/mysql2/lib/commands/command.js:29:26)
      at Connection.handlePacket (/Users/franciscogomezlopez/trabajo/proyectos/fvf/galac-aws/node_modules/mysql2/lib/connection.js:481:34)
      at PacketParser.onPacket (/Users/franciscogomezlopez/trabajo/proyectos/fvf/galac-aws/node_modules/mysql2/lib/connection.js:97:12)
      at PacketParser.executeStart (/Users/franciscogomezlopez/trabajo/proyectos/fvf/galac-aws/node_modules/mysql2/lib/packet_parser.js:75:16)
      at Socket.<anonymous> (/Users/franciscogomezlopez/trabajo/proyectos/fvf/galac-aws/node_modules/mysql2/lib/connection.js:104:25)
      at Socket.emit (node:events:519:28)
      at addChunk (node:internal/streams/readable:559:12)
      at readableAddChunkPushByteMode (node:internal/streams/readable:510:3)
      at Readable.push (node:internal/streams/readable:390:5) {
    code: 'ER_DUP_ENTRY',
    errno: 1062,
    sqlState: '23000',
    sqlMessage: "Duplicate entry 'EUR-2024-06-25 00:00:00' for key 'PRIMARY'",
    sql: 'INSERT INTO `cambio` (`CodigoMoneda`,`FechaDeVigencia`,`CambioAMonedaLocal`,`CambioAMonedaLocalVenta`,`NombreOperador`,`FechaUltimaModificacion`) VALUES (?,?,?,?,?,?);',
    parameters: [
      'EUR',
      '2024-06-25 00:00:00',
      38.87,
      38.87,
      'lescalona',
      '2024-06-21 00:00:00'
    ]
  },
  fields: { PRIMARY: 'EUR-2024-06-25 00:00:00' },
  sql: 'INSERT INTO `cambio` (`CodigoMoneda`,`FechaDeVigencia`,`CambioAMonedaLocal`,`CambioAMonedaLocalVenta`,`NombreOperador`,`FechaUltimaModificacion`) VALUES (?,?,?,?,?,?);'
}
error trying save object in database Error
    at Query.run (/Users/franciscogomezlopez/trabajo/proyectos/fvf/galac-aws/node_modules/sequelize/lib/dialects/mysql/query.js:52:25)
    at /Users/franciscogomezlopez/trabajo/proyectos/fvf/galac-aws/node_modules/sequelize/lib/sequelize.js:315:28
    at process.processTicksAndRejections (node:internal/process/task_queues:95:5)
    at async MySQLQueryInterface.insert (/Users/franciscogomezlopez/trabajo/proyectos/fvf/galac-aws/node_modules/sequelize/lib/dialects/abstract/query-interface.js:308:21)
    at async Cambio.save (/Users/franciscogomezlopez/trabajo/proyectos/fvf/galac-aws/node_modules/sequelize/lib/model.js:2490:35) {
  name: 'SequelizeUniqueConstraintError',
  errors: [
    ValidationErrorItem {
      message: 'PRIMARY must be unique',
      type: 'unique violation',
      path: 'PRIMARY',
      value: 'EUR-2024-06-22 00:00:00',
      origin: 'DB',
      instance: [cambio],
      validatorKey: 'not_unique',
      validatorName: null,
      validatorArgs: []
    }
  ],
  parent: Error: Duplicate entry 'EUR-2024-06-22 00:00:00' for key 'PRIMARY'
      at Packet.asError (/Users/franciscogomezlopez/trabajo/proyectos/fvf/galac-aws/node_modules/mysql2/lib/packets/packet.js:728:17)
      at Execute.execute (/Users/franciscogomezlopez/trabajo/proyectos/fvf/galac-aws/node_modules/mysql2/lib/commands/command.js:29:26)
      at Connection.handlePacket (/Users/franciscogomezlopez/trabajo/proyectos/fvf/galac-aws/node_modules/mysql2/lib/connection.js:481:34)
      at PacketParser.onPacket (/Users/franciscogomezlopez/trabajo/proyectos/fvf/galac-aws/node_modules/mysql2/lib/connection.js:97:12)
      at PacketParser.executeStart (/Users/franciscogomezlopez/trabajo/proyectos/fvf/galac-aws/node_modules/mysql2/lib/packet_parser.js:75:16)
      at Socket.<anonymous> (/Users/franciscogomezlopez/trabajo/proyectos/fvf/galac-aws/node_modules/mysql2/lib/connection.js:104:25)
      at Socket.emit (node:events:519:28)
      at addChunk (node:internal/streams/readable:559:12)
      at readableAddChunkPushByteMode (node:internal/streams/readable:510:3)
      at Readable.push (node:internal/streams/readable:390:5) {
    code: 'ER_DUP_ENTRY',
    errno: 1062,
    sqlState: '23000',
    sqlMessage: "Duplicate entry 'EUR-2024-06-22 00:00:00' for key 'PRIMARY'",
    sql: 'INSERT INTO `cambio` (`CodigoMoneda`,`FechaDeVigencia`,`CambioAMonedaLocal`,`CambioAMonedaLocalVenta`,`NombreOperador`,`FechaUltimaModificacion`) VALUES (?,?,?,?,?,?);',
    parameters: [
      'EUR',
      '2024-06-22 00:00:00',
      39.01,
      39.01,
      'lescalona',
      '2024-06-20 00:00:00'
    ]
  },
  original: Error: Duplicate entry 'EUR-2024-06-22 00:00:00' for key 'PRIMARY'
      at Packet.asError (/Users/franciscogomezlopez/trabajo/proyectos/fvf/galac-aws/node_modules/mysql2/lib/packets/packet.js:728:17)
      at Execute.execute (/Users/franciscogomezlopez/trabajo/proyectos/fvf/galac-aws/node_modules/mysql2/lib/commands/command.js:29:26)
      at Connection.handlePacket (/Users/franciscogomezlopez/trabajo/proyectos/fvf/galac-aws/node_modules/mysql2/lib/connection.js:481:34)
      at PacketParser.onPacket (/Users/franciscogomezlopez/trabajo/proyectos/fvf/galac-aws/node_modules/mysql2/lib/connection.js:97:12)
      at PacketParser.executeStart (/Users/franciscogomezlopez/trabajo/proyectos/fvf/galac-aws/node_modules/mysql2/lib/packet_parser.js:75:16)
      at Socket.<anonymous> (/Users/franciscogomezlopez/trabajo/proyectos/fvf/galac-aws/node_modules/mysql2/lib/connection.js:104:25)
      at Socket.emit (node:events:519:28)
      at addChunk (node:internal/streams/readable:559:12)
      at readableAddChunkPushByteMode (node:internal/streams/readable:510:3)
      at Readable.push (node:internal/streams/readable:390:5) {
    code: 'ER_DUP_ENTRY',
    errno: 1062,
    sqlState: '23000',
    sqlMessage: "Duplicate entry 'EUR-2024-06-22 00:00:00' for key 'PRIMARY'",
    sql: 'INSERT INTO `cambio` (`CodigoMoneda`,`FechaDeVigencia`,`CambioAMonedaLocal`,`CambioAMonedaLocalVenta`,`NombreOperador`,`FechaUltimaModificacion`) VALUES (?,?,?,?,?,?);',
    parameters: [
      'EUR',
      '2024-06-22 00:00:00',
      39.01,
      39.01,
      'lescalona',
      '2024-06-20 00:00:00'
    ]
  },
  fields: { PRIMARY: 'EUR-2024-06-22 00:00:00' },
  sql: 'INSERT INTO `cambio` (`CodigoMoneda`,`FechaDeVigencia`,`CambioAMonedaLocal`,`CambioAMonedaLocalVenta`,`NombreOperador`,`FechaUltimaModificacion`) VALUES (?,?,?,?,?,?);'
}
error trying save object in database Error
    at Query.run (/Users/franciscogomezlopez/trabajo/proyectos/fvf/galac-aws/node_modules/sequelize/lib/dialects/mysql/query.js:52:25)
    at /Users/franciscogomezlopez/trabajo/proyectos/fvf/galac-aws/node_modules/sequelize/lib/sequelize.js:315:28
    at process.processTicksAndRejections (node:internal/process/task_queues:95:5)
    at async MySQLQueryInterface.insert (/Users/franciscogomezlopez/trabajo/proyectos/fvf/galac-aws/node_modules/sequelize/lib/dialects/abstract/query-interface.js:308:21)
    at async Cambio.save (/Users/franciscogomezlopez/trabajo/proyectos/fvf/galac-aws/node_modules/sequelize/lib/model.js:2490:35) {
  name: 'SequelizeUniqueConstraintError',
  errors: [
    ValidationErrorItem {
      message: 'PRIMARY must be unique',
      type: 'unique violation',
      path: 'PRIMARY',
      value: 'EUR-2024-06-26 00:00:00',
      origin: 'DB',
      instance: [cambio],
      validatorKey: 'not_unique',
      validatorName: null,
      validatorArgs: []
    }
  ],
  parent: Error: Duplicate entry 'EUR-2024-06-26 00:00:00' for key 'PRIMARY'
      at Packet.asError (/Users/franciscogomezlopez/trabajo/proyectos/fvf/galac-aws/node_modules/mysql2/lib/packets/packet.js:728:17)
      at Execute.execute (/Users/franciscogomezlopez/trabajo/proyectos/fvf/galac-aws/node_modules/mysql2/lib/commands/command.js:29:26)
      at Connection.handlePacket (/Users/franciscogomezlopez/trabajo/proyectos/fvf/galac-aws/node_modules/mysql2/lib/connection.js:481:34)
      at PacketParser.onPacket (/Users/franciscogomezlopez/trabajo/proyectos/fvf/galac-aws/node_modules/mysql2/lib/connection.js:97:12)
      at PacketParser.executeStart (/Users/franciscogomezlopez/trabajo/proyectos/fvf/galac-aws/node_modules/mysql2/lib/packet_parser.js:75:16)
      at Socket.<anonymous> (/Users/franciscogomezlopez/trabajo/proyectos/fvf/galac-aws/node_modules/mysql2/lib/connection.js:104:25)
      at Socket.emit (node:events:519:28)
      at addChunk (node:internal/streams/readable:559:12)
      at readableAddChunkPushByteMode (node:internal/streams/readable:510:3)
      at Readable.push (node:internal/streams/readable:390:5) {
    code: 'ER_DUP_ENTRY',
    errno: 1062,
    sqlState: '23000',
    sqlMessage: "Duplicate entry 'EUR-2024-06-26 00:00:00' for key 'PRIMARY'",
    sql: 'INSERT INTO `cambio` (`CodigoMoneda`,`FechaDeVigencia`,`CambioAMonedaLocal`,`CambioAMonedaLocalVenta`,`NombreOperador`,`FechaUltimaModificacion`) VALUES (?,?,?,?,?,?);',
    parameters: [
      'EUR',
      '2024-06-26 00:00:00',
      38.94,
      38.94,
      'lescalona',
      '2024-06-25 00:00:00'
    ]
  },
  original: Error: Duplicate entry 'EUR-2024-06-26 00:00:00' for key 'PRIMARY'
      at Packet.asError (/Users/franciscogomezlopez/trabajo/proyectos/fvf/galac-aws/node_modules/mysql2/lib/packets/packet.js:728:17)
      at Execute.execute (/Users/franciscogomezlopez/trabajo/proyectos/fvf/galac-aws/node_modules/mysql2/lib/commands/command.js:29:26)
      at Connection.handlePacket (/Users/franciscogomezlopez/trabajo/proyectos/fvf/galac-aws/node_modules/mysql2/lib/connection.js:481:34)
      at PacketParser.onPacket (/Users/franciscogomezlopez/trabajo/proyectos/fvf/galac-aws/node_modules/mysql2/lib/connection.js:97:12)
      at PacketParser.executeStart (/Users/franciscogomezlopez/trabajo/proyectos/fvf/galac-aws/node_modules/mysql2/lib/packet_parser.js:75:16)
      at Socket.<anonymous> (/Users/franciscogomezlopez/trabajo/proyectos/fvf/galac-aws/node_modules/mysql2/lib/connection.js:104:25)
      at Socket.emit (node:events:519:28)
      at addChunk (node:internal/streams/readable:559:12)
      at readableAddChunkPushByteMode (node:internal/streams/readable:510:3)
      at Readable.push (node:internal/streams/readable:390:5) {
    code: 'ER_DUP_ENTRY',
    errno: 1062,
    sqlState: '23000',
    sqlMessage: "Duplicate entry 'EUR-2024-06-26 00:00:00' for key 'PRIMARY'",
    sql: 'INSERT INTO `cambio` (`CodigoMoneda`,`FechaDeVigencia`,`CambioAMonedaLocal`,`CambioAMonedaLocalVenta`,`NombreOperador`,`FechaUltimaModificacion`) VALUES (?,?,?,?,?,?);',
    parameters: [
      'EUR',
      '2024-06-26 00:00:00',
      38.94,
      38.94,
      'lescalona',
      '2024-06-25 00:00:00'
    ]
  },
  fields: { PRIMARY: 'EUR-2024-06-26 00:00:00' },
  sql: 'INSERT INTO `cambio` (`CodigoMoneda`,`FechaDeVigencia`,`CambioAMonedaLocal`,`CambioAMonedaLocalVenta`,`NombreOperador`,`FechaUltimaModificacion`) VALUES (?,?,?,?,?,?);'
}
error trying save object in database Error
    at Query.run (/Users/franciscogomezlopez/trabajo/proyectos/fvf/galac-aws/node_modules/sequelize/lib/dialects/mysql/query.js:52:25)
    at /Users/franciscogomezlopez/trabajo/proyectos/fvf/galac-aws/node_modules/sequelize/lib/sequelize.js:315:28
    at process.processTicksAndRejections (node:internal/process/task_queues:95:5)
    at async MySQLQueryInterface.insert (/Users/franciscogomezlopez/trabajo/proyectos/fvf/galac-aws/node_modules/sequelize/lib/dialects/abstract/query-interface.js:308:21)
    at async Cambio.save (/Users/franciscogomezlopez/trabajo/proyectos/fvf/galac-aws/node_modules/sequelize/lib/model.js:2490:35) {
  name: 'SequelizeUniqueConstraintError',
  errors: [
    ValidationErrorItem {
      message: 'PRIMARY must be unique',
      type: 'unique violation',
      path: 'PRIMARY',
      value: 'USD-2024-06-19 00:00:00',
      origin: 'DB',
      instance: [cambio],
      validatorKey: 'not_unique',
      validatorName: null,
      validatorArgs: []
    }
  ],
  parent: Error: Duplicate entry 'USD-2024-06-19 00:00:00' for key 'PRIMARY'
      at Packet.asError (/Users/franciscogomezlopez/trabajo/proyectos/fvf/galac-aws/node_modules/mysql2/lib/packets/packet.js:728:17)
      at Execute.execute (/Users/franciscogomezlopez/trabajo/proyectos/fvf/galac-aws/node_modules/mysql2/lib/commands/command.js:29:26)
      at Connection.handlePacket (/Users/franciscogomezlopez/trabajo/proyectos/fvf/galac-aws/node_modules/mysql2/lib/connection.js:481:34)
      at PacketParser.onPacket (/Users/franciscogomezlopez/trabajo/proyectos/fvf/galac-aws/node_modules/mysql2/lib/connection.js:97:12)
      at PacketParser.executeStart (/Users/franciscogomezlopez/trabajo/proyectos/fvf/galac-aws/node_modules/mysql2/lib/packet_parser.js:75:16)
      at Socket.<anonymous> (/Users/franciscogomezlopez/trabajo/proyectos/fvf/galac-aws/node_modules/mysql2/lib/connection.js:104:25)
      at Socket.emit (node:events:519:28)
      at addChunk (node:internal/streams/readable:559:12)
      at readableAddChunkPushByteMode (node:internal/streams/readable:510:3)
      at Readable.push (node:internal/streams/readable:390:5) {
    code: 'ER_DUP_ENTRY',
    errno: 1062,
    sqlState: '23000',
    sqlMessage: "Duplicate entry 'USD-2024-06-19 00:00:00' for key 'PRIMARY'",
    sql: 'INSERT INTO `cambio` (`CodigoMoneda`,`FechaDeVigencia`,`CambioAMonedaLocal`,`CambioAMonedaLocalVenta`,`NombreOperador`,`FechaUltimaModificacion`) VALUES (?,?,?,?,?,?);',
    parameters: [
      'USD',
      '2024-06-19 00:00:00',
      36.39,
      36.39,
      'lescalona',
      '2024-06-19 00:00:00'
    ]
  },
  original: Error: Duplicate entry 'USD-2024-06-19 00:00:00' for key 'PRIMARY'
      at Packet.asError (/Users/franciscogomezlopez/trabajo/proyectos/fvf/galac-aws/node_modules/mysql2/lib/packets/packet.js:728:17)
      at Execute.execute (/Users/franciscogomezlopez/trabajo/proyectos/fvf/galac-aws/node_modules/mysql2/lib/commands/command.js:29:26)
      at Connection.handlePacket (/Users/franciscogomezlopez/trabajo/proyectos/fvf/galac-aws/node_modules/mysql2/lib/connection.js:481:34)
      at PacketParser.onPacket (/Users/franciscogomezlopez/trabajo/proyectos/fvf/galac-aws/node_modules/mysql2/lib/connection.js:97:12)
      at PacketParser.executeStart (/Users/franciscogomezlopez/trabajo/proyectos/fvf/galac-aws/node_modules/mysql2/lib/packet_parser.js:75:16)
      at Socket.<anonymous> (/Users/franciscogomezlopez/trabajo/proyectos/fvf/galac-aws/node_modules/mysql2/lib/connection.js:104:25)
      at Socket.emit (node:events:519:28)
      at addChunk (node:internal/streams/readable:559:12)
      at readableAddChunkPushByteMode (node:internal/streams/readable:510:3)
      at Readable.push (node:internal/streams/readable:390:5) {
    code: 'ER_DUP_ENTRY',
    errno: 1062,
    sqlState: '23000',
    sqlMessage: "Duplicate entry 'USD-2024-06-19 00:00:00' for key 'PRIMARY'",
    sql: 'INSERT INTO `cambio` (`CodigoMoneda`,`FechaDeVigencia`,`CambioAMonedaLocal`,`CambioAMonedaLocalVenta`,`NombreOperador`,`FechaUltimaModificacion`) VALUES (?,?,?,?,?,?);',
    parameters: [
      'USD',
      '2024-06-19 00:00:00',
      36.39,
      36.39,
      'lescalona',
      '2024-06-19 00:00:00'
    ]
  },
  fields: { PRIMARY: 'USD-2024-06-19 00:00:00' },
  sql: 'INSERT INTO `cambio` (`CodigoMoneda`,`FechaDeVigencia`,`CambioAMonedaLocal`,`CambioAMonedaLocalVenta`,`NombreOperador`,`FechaUltimaModificacion`) VALUES (?,?,?,?,?,?);'
}
error trying save object in database Error
    at Query.run (/Users/franciscogomezlopez/trabajo/proyectos/fvf/galac-aws/node_modules/sequelize/lib/dialects/mysql/query.js:52:25)
    at /Users/franciscogomezlopez/trabajo/proyectos/fvf/galac-aws/node_modules/sequelize/lib/sequelize.js:315:28
    at process.processTicksAndRejections (node:internal/process/task_queues:95:5)
    at async MySQLQueryInterface.insert (/Users/franciscogomezlopez/trabajo/proyectos/fvf/galac-aws/node_modules/sequelize/lib/dialects/abstract/query-interface.js:308:21)
    at async Cambio.save (/Users/franciscogomezlopez/trabajo/proyectos/fvf/galac-aws/node_modules/sequelize/lib/model.js:2490:35) {
  name: 'SequelizeUniqueConstraintError',
  errors: [
    ValidationErrorItem {
      message: 'PRIMARY must be unique',
      type: 'unique violation',
      path: 'PRIMARY',
      value: 'USD-2024-06-21 00:00:00',
      origin: 'DB',
      instance: [cambio],
      validatorKey: 'not_unique',
      validatorName: null,
      validatorArgs: []
    }
  ],
  parent: Error: Duplicate entry 'USD-2024-06-21 00:00:00' for key 'PRIMARY'
      at Packet.asError (/Users/franciscogomezlopez/trabajo/proyectos/fvf/galac-aws/node_modules/mysql2/lib/packets/packet.js:728:17)
      at Execute.execute (/Users/franciscogomezlopez/trabajo/proyectos/fvf/galac-aws/node_modules/mysql2/lib/commands/command.js:29:26)
      at Connection.handlePacket (/Users/franciscogomezlopez/trabajo/proyectos/fvf/galac-aws/node_modules/mysql2/lib/connection.js:481:34)
      at PacketParser.onPacket (/Users/franciscogomezlopez/trabajo/proyectos/fvf/galac-aws/node_modules/mysql2/lib/connection.js:97:12)
      at PacketParser.executeStart (/Users/franciscogomezlopez/trabajo/proyectos/fvf/galac-aws/node_modules/mysql2/lib/packet_parser.js:75:16)
      at Socket.<anonymous> (/Users/franciscogomezlopez/trabajo/proyectos/fvf/galac-aws/node_modules/mysql2/lib/connection.js:104:25)
      at Socket.emit (node:events:519:28)
      at addChunk (node:internal/streams/readable:559:12)
      at readableAddChunkPushByteMode (node:internal/streams/readable:510:3)
      at Readable.push (node:internal/streams/readable:390:5) {
    code: 'ER_DUP_ENTRY',
    errno: 1062,
    sqlState: '23000',
    sqlMessage: "Duplicate entry 'USD-2024-06-21 00:00:00' for key 'PRIMARY'",
    sql: 'INSERT INTO `cambio` (`CodigoMoneda`,`FechaDeVigencia`,`CambioAMonedaLocal`,`CambioAMonedaLocalVenta`,`NombreOperador`,`FechaUltimaModificacion`) VALUES (?,?,?,?,?,?);',
    parameters: [
      'USD',
      '2024-06-21 00:00:00',
      36.38,
      36.38,
      'lescalona',
      '2024-06-20 00:00:00'
    ]
  },
  original: Error: Duplicate entry 'USD-2024-06-21 00:00:00' for key 'PRIMARY'
      at Packet.asError (/Users/franciscogomezlopez/trabajo/proyectos/fvf/galac-aws/node_modules/mysql2/lib/packets/packet.js:728:17)
      at Execute.execute (/Users/franciscogomezlopez/trabajo/proyectos/fvf/galac-aws/node_modules/mysql2/lib/commands/command.js:29:26)
      at Connection.handlePacket (/Users/franciscogomezlopez/trabajo/proyectos/fvf/galac-aws/node_modules/mysql2/lib/connection.js:481:34)
      at PacketParser.onPacket (/Users/franciscogomezlopez/trabajo/proyectos/fvf/galac-aws/node_modules/mysql2/lib/connection.js:97:12)
      at PacketParser.executeStart (/Users/franciscogomezlopez/trabajo/proyectos/fvf/galac-aws/node_modules/mysql2/lib/packet_parser.js:75:16)
      at Socket.<anonymous> (/Users/franciscogomezlopez/trabajo/proyectos/fvf/galac-aws/node_modules/mysql2/lib/connection.js:104:25)
      at Socket.emit (node:events:519:28)
      at addChunk (node:internal/streams/readable:559:12)
      at readableAddChunkPushByteMode (node:internal/streams/readable:510:3)
      at Readable.push (node:internal/streams/readable:390:5) {
    code: 'ER_DUP_ENTRY',
    errno: 1062,
    sqlState: '23000',
    sqlMessage: "Duplicate entry 'USD-2024-06-21 00:00:00' for key 'PRIMARY'",
    sql: 'INSERT INTO `cambio` (`CodigoMoneda`,`FechaDeVigencia`,`CambioAMonedaLocal`,`CambioAMonedaLocalVenta`,`NombreOperador`,`FechaUltimaModificacion`) VALUES (?,?,?,?,?,?);',
    parameters: [
      'USD',
      '2024-06-21 00:00:00',
      36.38,
      36.38,
      'lescalona',
      '2024-06-20 00:00:00'
    ]
  },
  fields: { PRIMARY: 'USD-2024-06-21 00:00:00' },
  sql: 'INSERT INTO `cambio` (`CodigoMoneda`,`FechaDeVigencia`,`CambioAMonedaLocal`,`CambioAMonedaLocalVenta`,`NombreOperador`,`FechaUltimaModificacion`) VALUES (?,?,?,?,?,?);'
}
error trying save object in database Error
    at Query.run (/Users/franciscogomezlopez/trabajo/proyectos/fvf/galac-aws/node_modules/sequelize/lib/dialects/mysql/query.js:52:25)
    at /Users/franciscogomezlopez/trabajo/proyectos/fvf/galac-aws/node_modules/sequelize/lib/sequelize.js:315:28
    at process.processTicksAndRejections (node:internal/process/task_queues:95:5)
    at async MySQLQueryInterface.insert (/Users/franciscogomezlopez/trabajo/proyectos/fvf/galac-aws/node_modules/sequelize/lib/dialects/abstract/query-interface.js:308:21)
    at async Cambio.save (/Users/franciscogomezlopez/trabajo/proyectos/fvf/galac-aws/node_modules/sequelize/lib/model.js:2490:35) {
  name: 'SequelizeUniqueConstraintError',
  errors: [
    ValidationErrorItem {
      message: 'PRIMARY must be unique',
      type: 'unique violation',
      path: 'PRIMARY',
      value: 'USD-2024-06-22 00:00:00',
      origin: 'DB',
      instance: [cambio],
      validatorKey: 'not_unique',
      validatorName: null,
      validatorArgs: []
    }
  ],
  parent: Error: Duplicate entry 'USD-2024-06-22 00:00:00' for key 'PRIMARY'
      at Packet.asError (/Users/franciscogomezlopez/trabajo/proyectos/fvf/galac-aws/node_modules/mysql2/lib/packets/packet.js:728:17)
      at Execute.execute (/Users/franciscogomezlopez/trabajo/proyectos/fvf/galac-aws/node_modules/mysql2/lib/commands/command.js:29:26)
      at Connection.handlePacket (/Users/franciscogomezlopez/trabajo/proyectos/fvf/galac-aws/node_modules/mysql2/lib/connection.js:481:34)
      at PacketParser.onPacket (/Users/franciscogomezlopez/trabajo/proyectos/fvf/galac-aws/node_modules/mysql2/lib/connection.js:97:12)
      at PacketParser.executeStart (/Users/franciscogomezlopez/trabajo/proyectos/fvf/galac-aws/node_modules/mysql2/lib/packet_parser.js:75:16)
      at Socket.<anonymous> (/Users/franciscogomezlopez/trabajo/proyectos/fvf/galac-aws/node_modules/mysql2/lib/connection.js:104:25)
      at Socket.emit (node:events:519:28)
      at addChunk (node:internal/streams/readable:559:12)
      at readableAddChunkPushByteMode (node:internal/streams/readable:510:3)
      at Readable.push (node:internal/streams/readable:390:5) {
    code: 'ER_DUP_ENTRY',
    errno: 1062,
    sqlState: '23000',
    sqlMessage: "Duplicate entry 'USD-2024-06-22 00:00:00' for key 'PRIMARY'",
    sql: 'INSERT INTO `cambio` (`CodigoMoneda`,`FechaDeVigencia`,`CambioAMonedaLocal`,`CambioAMonedaLocalVenta`,`NombreOperador`,`FechaUltimaModificacion`) VALUES (?,?,?,?,?,?);',
    parameters: [
      'USD',
      '2024-06-22 00:00:00',
      36.38,
      36.38,
      'lescalona',
      '2024-06-20 00:00:00'
    ]
  },
  original: Error: Duplicate entry 'USD-2024-06-22 00:00:00' for key 'PRIMARY'
      at Packet.asError (/Users/franciscogomezlopez/trabajo/proyectos/fvf/galac-aws/node_modules/mysql2/lib/packets/packet.js:728:17)
      at Execute.execute (/Users/franciscogomezlopez/trabajo/proyectos/fvf/galac-aws/node_modules/mysql2/lib/commands/command.js:29:26)
      at Connection.handlePacket (/Users/franciscogomezlopez/trabajo/proyectos/fvf/galac-aws/node_modules/mysql2/lib/connection.js:481:34)
      at PacketParser.onPacket (/Users/franciscogomezlopez/trabajo/proyectos/fvf/galac-aws/node_modules/mysql2/lib/connection.js:97:12)
      at PacketParser.executeStart (/Users/franciscogomezlopez/trabajo/proyectos/fvf/galac-aws/node_modules/mysql2/lib/packet_parser.js:75:16)
      at Socket.<anonymous> (/Users/franciscogomezlopez/trabajo/proyectos/fvf/galac-aws/node_modules/mysql2/lib/connection.js:104:25)
      at Socket.emit (node:events:519:28)
      at addChunk (node:internal/streams/readable:559:12)
      at readableAddChunkPushByteMode (node:internal/streams/readable:510:3)
      at Readable.push (node:internal/streams/readable:390:5) {
    code: 'ER_DUP_ENTRY',
    errno: 1062,
    sqlState: '23000',
    sqlMessage: "Duplicate entry 'USD-2024-06-22 00:00:00' for key 'PRIMARY'",
    sql: 'INSERT INTO `cambio` (`CodigoMoneda`,`FechaDeVigencia`,`CambioAMonedaLocal`,`CambioAMonedaLocalVenta`,`NombreOperador`,`FechaUltimaModificacion`) VALUES (?,?,?,?,?,?);',
    parameters: [
      'USD',
      '2024-06-22 00:00:00',
      36.38,
      36.38,
      'lescalona',
      '2024-06-20 00:00:00'
    ]
  },
  fields: { PRIMARY: 'USD-2024-06-22 00:00:00' },
  sql: 'INSERT INTO `cambio` (`CodigoMoneda`,`FechaDeVigencia`,`CambioAMonedaLocal`,`CambioAMonedaLocalVenta`,`NombreOperador`,`FechaUltimaModificacion`) VALUES (?,?,?,?,?,?);'
}
error trying save object in database Error
    at Query.run (/Users/franciscogomezlopez/trabajo/proyectos/fvf/galac-aws/node_modules/sequelize/lib/dialects/mysql/query.js:52:25)
    at /Users/franciscogomezlopez/trabajo/proyectos/fvf/galac-aws/node_modules/sequelize/lib/sequelize.js:315:28
    at process.processTicksAndRejections (node:internal/process/task_queues:95:5)
    at async MySQLQueryInterface.insert (/Users/franciscogomezlopez/trabajo/proyectos/fvf/galac-aws/node_modules/sequelize/lib/dialects/abstract/query-interface.js:308:21)
    at async Cambio.save (/Users/franciscogomezlopez/trabajo/proyectos/fvf/galac-aws/node_modules/sequelize/lib/model.js:2490:35) {
  name: 'SequelizeUniqueConstraintError',
  errors: [
    ValidationErrorItem {
      message: 'PRIMARY must be unique',
      type: 'unique violation',
      path: 'PRIMARY',
      value: 'USD-2024-06-23 00:00:00',
      origin: 'DB',
      instance: [cambio],
      validatorKey: 'not_unique',
      validatorName: null,
      validatorArgs: []
    }
  ],
  parent: Error: Duplicate entry 'USD-2024-06-23 00:00:00' for key 'PRIMARY'
      at Packet.asError (/Users/franciscogomezlopez/trabajo/proyectos/fvf/galac-aws/node_modules/mysql2/lib/packets/packet.js:728:17)
      at Execute.execute (/Users/franciscogomezlopez/trabajo/proyectos/fvf/galac-aws/node_modules/mysql2/lib/commands/command.js:29:26)
      at Connection.handlePacket (/Users/franciscogomezlopez/trabajo/proyectos/fvf/galac-aws/node_modules/mysql2/lib/connection.js:481:34)
      at PacketParser.onPacket (/Users/franciscogomezlopez/trabajo/proyectos/fvf/galac-aws/node_modules/mysql2/lib/connection.js:97:12)
      at PacketParser.executeStart (/Users/franciscogomezlopez/trabajo/proyectos/fvf/galac-aws/node_modules/mysql2/lib/packet_parser.js:75:16)
      at Socket.<anonymous> (/Users/franciscogomezlopez/trabajo/proyectos/fvf/galac-aws/node_modules/mysql2/lib/connection.js:104:25)
      at Socket.emit (node:events:519:28)
      at addChunk (node:internal/streams/readable:559:12)
      at readableAddChunkPushByteMode (node:internal/streams/readable:510:3)
      at Readable.push (node:internal/streams/readable:390:5) {
    code: 'ER_DUP_ENTRY',
    errno: 1062,
    sqlState: '23000',
    sqlMessage: "Duplicate entry 'USD-2024-06-23 00:00:00' for key 'PRIMARY'",
    sql: 'INSERT INTO `cambio` (`CodigoMoneda`,`FechaDeVigencia`,`CambioAMonedaLocal`,`CambioAMonedaLocalVenta`,`NombreOperador`,`FechaUltimaModificacion`) VALUES (?,?,?,?,?,?);',
    parameters: [
      'USD',
      '2024-06-23 00:00:00',
      36.38,
      36.38,
      'lescalona',
      '2024-06-20 00:00:00'
    ]
  },
  original: Error: Duplicate entry 'USD-2024-06-23 00:00:00' for key 'PRIMARY'
      at Packet.asError (/Users/franciscogomezlopez/trabajo/proyectos/fvf/galac-aws/node_modules/mysql2/lib/packets/packet.js:728:17)
      at Execute.execute (/Users/franciscogomezlopez/trabajo/proyectos/fvf/galac-aws/node_modules/mysql2/lib/commands/command.js:29:26)
      at Connection.handlePacket (/Users/franciscogomezlopez/trabajo/proyectos/fvf/galac-aws/node_modules/mysql2/lib/connection.js:481:34)
      at PacketParser.onPacket (/Users/franciscogomezlopez/trabajo/proyectos/fvf/galac-aws/node_modules/mysql2/lib/connection.js:97:12)
      at PacketParser.executeStart (/Users/franciscogomezlopez/trabajo/proyectos/fvf/galac-aws/node_modules/mysql2/lib/packet_parser.js:75:16)
      at Socket.<anonymous> (/Users/franciscogomezlopez/trabajo/proyectos/fvf/galac-aws/node_modules/mysql2/lib/connection.js:104:25)
      at Socket.emit (node:events:519:28)
      at addChunk (node:internal/streams/readable:559:12)
      at readableAddChunkPushByteMode (node:internal/streams/readable:510:3)
      at Readable.push (node:internal/streams/readable:390:5) {
    code: 'ER_DUP_ENTRY',
    errno: 1062,
    sqlState: '23000',
    sqlMessage: "Duplicate entry 'USD-2024-06-23 00:00:00' for key 'PRIMARY'",
    sql: 'INSERT INTO `cambio` (`CodigoMoneda`,`FechaDeVigencia`,`CambioAMonedaLocal`,`CambioAMonedaLocalVenta`,`NombreOperador`,`FechaUltimaModificacion`) VALUES (?,?,?,?,?,?);',
    parameters: [
      'USD',
      '2024-06-23 00:00:00',
      36.38,
      36.38,
      'lescalona',
      '2024-06-20 00:00:00'
    ]
  },
  fields: { PRIMARY: 'USD-2024-06-23 00:00:00' },
  sql: 'INSERT INTO `cambio` (`CodigoMoneda`,`FechaDeVigencia`,`CambioAMonedaLocal`,`CambioAMonedaLocalVenta`,`NombreOperador`,`FechaUltimaModificacion`) VALUES (?,?,?,?,?,?);'
}
error trying save object in database Error
    at Query.run (/Users/franciscogomezlopez/trabajo/proyectos/fvf/galac-aws/node_modules/sequelize/lib/dialects/mysql/query.js:52:25)
    at /Users/franciscogomezlopez/trabajo/proyectos/fvf/galac-aws/node_modules/sequelize/lib/sequelize.js:315:28
    at process.processTicksAndRejections (node:internal/process/task_queues:95:5)
    at async MySQLQueryInterface.insert (/Users/franciscogomezlopez/trabajo/proyectos/fvf/galac-aws/node_modules/sequelize/lib/dialects/abstract/query-interface.js:308:21)
    at async Cambio.save (/Users/franciscogomezlopez/trabajo/proyectos/fvf/galac-aws/node_modules/sequelize/lib/model.js:2490:35) {
  name: 'SequelizeUniqueConstraintError',
  errors: [
    ValidationErrorItem {
      message: 'PRIMARY must be unique',
      type: 'unique violation',
      path: 'PRIMARY',
      value: 'USD-2024-06-20 00:00:00',
      origin: 'DB',
      instance: [cambio],
      validatorKey: 'not_unique',
      validatorName: null,
      validatorArgs: []
    }
  ],
  parent: Error: Duplicate entry 'USD-2024-06-20 00:00:00' for key 'PRIMARY'
      at Packet.asError (/Users/franciscogomezlopez/trabajo/proyectos/fvf/galac-aws/node_modules/mysql2/lib/packets/packet.js:728:17)
      at Execute.execute (/Users/franciscogomezlopez/trabajo/proyectos/fvf/galac-aws/node_modules/mysql2/lib/commands/command.js:29:26)
      at Connection.handlePacket (/Users/franciscogomezlopez/trabajo/proyectos/fvf/galac-aws/node_modules/mysql2/lib/connection.js:481:34)
      at PacketParser.onPacket (/Users/franciscogomezlopez/trabajo/proyectos/fvf/galac-aws/node_modules/mysql2/lib/connection.js:97:12)
      at PacketParser.executeStart (/Users/franciscogomezlopez/trabajo/proyectos/fvf/galac-aws/node_modules/mysql2/lib/packet_parser.js:75:16)
      at Socket.<anonymous> (/Users/franciscogomezlopez/trabajo/proyectos/fvf/galac-aws/node_modules/mysql2/lib/connection.js:104:25)
      at Socket.emit (node:events:519:28)
      at addChunk (node:internal/streams/readable:559:12)
      at readableAddChunkPushByteMode (node:internal/streams/readable:510:3)
      at Readable.push (node:internal/streams/readable:390:5) {
    code: 'ER_DUP_ENTRY',
    errno: 1062,
    sqlState: '23000',
    sqlMessage: "Duplicate entry 'USD-2024-06-20 00:00:00' for key 'PRIMARY'",
    sql: 'INSERT INTO `cambio` (`CodigoMoneda`,`FechaDeVigencia`,`CambioAMonedaLocal`,`CambioAMonedaLocalVenta`,`NombreOperador`,`FechaUltimaModificacion`) VALUES (?,?,?,?,?,?);',
    parameters: [
      'USD',
      '2024-06-20 00:00:00',
      36.38,
      36.38,
      'lescalona',
      '2024-06-19 00:00:00'
    ]
  },
  original: Error: Duplicate entry 'USD-2024-06-20 00:00:00' for key 'PRIMARY'
      at Packet.asError (/Users/franciscogomezlopez/trabajo/proyectos/fvf/galac-aws/node_modules/mysql2/lib/packets/packet.js:728:17)
      at Execute.execute (/Users/franciscogomezlopez/trabajo/proyectos/fvf/galac-aws/node_modules/mysql2/lib/commands/command.js:29:26)
      at Connection.handlePacket (/Users/franciscogomezlopez/trabajo/proyectos/fvf/galac-aws/node_modules/mysql2/lib/connection.js:481:34)
      at PacketParser.onPacket (/Users/franciscogomezlopez/trabajo/proyectos/fvf/galac-aws/node_modules/mysql2/lib/connection.js:97:12)
      at PacketParser.executeStart (/Users/franciscogomezlopez/trabajo/proyectos/fvf/galac-aws/node_modules/mysql2/lib/packet_parser.js:75:16)
      at Socket.<anonymous> (/Users/franciscogomezlopez/trabajo/proyectos/fvf/galac-aws/node_modules/mysql2/lib/connection.js:104:25)
      at Socket.emit (node:events:519:28)
      at addChunk (node:internal/streams/readable:559:12)
      at readableAddChunkPushByteMode (node:internal/streams/readable:510:3)
      at Readable.push (node:internal/streams/readable:390:5) {
    code: 'ER_DUP_ENTRY',
    errno: 1062,
    sqlState: '23000',
    sqlMessage: "Duplicate entry 'USD-2024-06-20 00:00:00' for key 'PRIMARY'",
    sql: 'INSERT INTO `cambio` (`CodigoMoneda`,`FechaDeVigencia`,`CambioAMonedaLocal`,`CambioAMonedaLocalVenta`,`NombreOperador`,`FechaUltimaModificacion`) VALUES (?,?,?,?,?,?);',
    parameters: [
      'USD',
      '2024-06-20 00:00:00',
      36.38,
      36.38,
      'lescalona',
      '2024-06-19 00:00:00'
    ]
  },
  fields: { PRIMARY: 'USD-2024-06-20 00:00:00' },
  sql: 'INSERT INTO `cambio` (`CodigoMoneda`,`FechaDeVigencia`,`CambioAMonedaLocal`,`CambioAMonedaLocalVenta`,`NombreOperador`,`FechaUltimaModificacion`) VALUES (?,?,?,?,?,?);'
}
[32m[nodemon] restarting due to changes...[39m
[32m[nodemon] starting `node ./dist/index.js`[39m
